<?xml version="1.0" encoding="UTF-8"?>
<testsuite name="TestCreator" tests="2" skipped="0" failures="0" errors="0" timestamp="2019-03-11T20:31:19" hostname="DESKTOP-22483JD" time="2.278">
  <properties/>
  <testcase name="testZeroOne" classname="TestCreator" time="0.001"/>
  <testcase name="testWriteToFile" classname="TestCreator" time="2.277"/>
  <system-out><![CDATA[ _     _  _     _  _  _  _  _ 
| |  | _| _||_||_ |_   ||_||_|
|_|  ||_  _|  | _||_|  ||_| _|
]]></system-out>
  <system-err><![CDATA[]]></system-err>
</testsuite>
